### BTrace Log: 18-7-17 下午5:43

System Properties:
gopherProxySet = false
awt.toolkit = sun.lwawt.macosx.LWCToolkit
file.encoding.pkg = sun.io
java.specification.version = 1.8
sun.cpu.isalist = 
sun.jnu.encoding = UTF-8
java.class.path = /Users/denglt/onGithub/javaStudy/hs-hdp/hs-hdp-server/hs-hdp-server-near-yunservice/conf:/Users/denglt/onGithub/javaStudy/hs-hdp/hs-hdp-server/hs-hdp-server-near-yunservice/hs-hdp-server-1.0.0-SNAPSHOT.jar:/Users/denglt/onGithub/javaStudy/hs-hdp/hs-hdp-server/hs-hdp-server-near-yunservice/lib/apache-jsp-9.2.14.v20151106.jar:/Users/denglt/onGithub/javaStudy/hs-hdp/hs-hdp-server/hs-hdp-server-near-yunservice/lib/jedis-2.7.3.jar:/Users/denglt/onGithub/javaStudy/hs-hdp/hs-hdp-server/hs-hdp-server-near-yunservice/lib/jetty-io-9.2.14.v20151106.jar:/Users/denglt/onGithub/javaStudy/hs-hdp/hs-hdp-server/hs-hdp-server-near-yunservice/lib/spring-tx-4.3.15.RELEASE.jar:/Users/denglt/onGithub/javaStudy/hs-hdp/hs-hdp-server/hs-hdp-server-near-yunservice/lib/spring-expression-4.3.15.RELEASE.jar:/Users/denglt/onGithub/javaStudy/hs-hdp/hs-hdp-server/hs-hdp-server-near-yunservice/lib/jetty-annotations-9.2.14.v20151106.jar:/Users/denglt/onGithub/javaStudy/hs-hdp/hs-hdp-server/hs-hdp-server-near-yunservice/lib/jetty-schemas-3.1.M0.jar:/Users/denglt/onGithub/javaStudy/hs-hdp/hs-hdp-server/hs-hdp-server-near-yunservice/lib/spring-aop-4.3.15.RELEASE.jar:/Users/denglt/onGithub/javaStudy/hs-hdp/hs-hdp-server/hs-hdp-server-near-yunservice/lib/guava-20.0.jar:/Users/denglt/onGithub/javaStudy/hs-hdp/hs-hdp-server/hs-hdp-server-near-yunservice/lib/zkclient-0.1.jar:/Users/denglt/onGithub/javaStudy/hs-hdp/hs-hdp-server/hs-hdp-server-near-yunservice/lib/slf4j-api-1.6.1.jar:/Users/denglt/onGithub/javaStudy/hs-hdp/hs-hdp-server/hs-hdp-server-near-yunservice/lib/jline-0.9.94.jar:/Users/denglt/onGithub/javaStudy/hs-hdp/hs-hdp-server/hs-hdp-server-near-yunservice/lib/commons-logging-1.1.3.jar:/Users/denglt/onGithub/javaStudy/hs-hdp/hs-hdp-server/hs-hdp-server-near-yunservice/lib/jodd-core-3.7.1.jar:/Users/denglt/onGithub/javaStudy/hs-hdp/hs-hdp-server/hs-hdp-server-near-yunservice/lib/jetty-server-9.2.14.v20151106.jar:/Users/denglt/onGithub/javaStudy/hs-hdp/hs-hdp-server/hs-hdp-server-near-yunservice/lib/jetty-util-9.2.14.v20151106.jar:/Users/denglt/onGithub/javaStudy/hs-hdp/hs-hdp-server/hs-hdp-server-near-yunservice/lib/slf4j-log4j12-1.6.1.jar:/Users/denglt/onGithub/javaStudy/hs-hdp/hs-hdp-server/hs-hdp-server-near-yunservice/lib/javax.servlet-api-3.1.0.jar:/Users/denglt/onGithub/javaStudy/hs-hdp/hs-hdp-server/hs-hdp-server-near-yunservice/lib/apache-el-8.0.9.M3.jar:/Users/denglt/onGithub/javaStudy/hs-hdp/hs-hdp-server/hs-hdp-server-near-yunservice/lib/log4j-1.2.17.jar:/Users/denglt/onGithub/javaStudy/hs-hdp/hs-hdp-server/hs-hdp-server-near-yunservice/lib/jodd-bean-3.7.1.jar:/Users/denglt/onGithub/javaStudy/hs-hdp/hs-hdp-server/hs-hdp-server-near-yunservice/lib/quartz-2.2.1.jar:/Users/denglt/onGithub/javaStudy/hs-hdp/hs-hdp-server/hs-hdp-server-near-yunservice/lib/spring-context-4.3.15.RELEASE.jar:/Users/denglt/onGithub/javaStudy/hs-hdp/hs-hdp-server/hs-hdp-server-near-yunservice/lib/spring-core-4.3.15.RELEASE.jar:/Users/denglt/onGithub/javaStudy/hs-hdp/hs-hdp-server/hs-hdp-server-near-yunservice/lib/jackson-annotations-2.9.0.jar:/Users/denglt/onGithub/javaStudy/hs-hdp/hs-hdp-server/hs-hdp-server-near-yunservice/lib/commons-pool2-2.3.jar:/Users/denglt/onGithub/javaStudy/hs-hdp/hs-hdp-server/hs-hdp-server-near-yunservice/lib/jetty-webapp-9.2.14.v20151106.jar:/Users/denglt/onGithub/javaStudy/hs-hdp/hs-hdp-server/hs-hdp-server-near-yunservice/lib/commons-lang3-3.3.2.jar:/Users/denglt/onGithub/javaStudy/hs-hdp/hs-hdp-server/hs-hdp-server-near-yunservice/lib/javax.annotation-api-1.2.jar:/Users/denglt/onGithub/javaStudy/hs-hdp/hs-hdp-server/hs-hdp-server-near-yunservice/lib/asm-commons-5.0.1.jar:/Users/denglt/onGithub/javaStudy/hs-hdp/hs-hdp-server/hs-hdp-server-near-yunservice/lib/netty-3.2.5.Final.jar:/Users/denglt/onGithub/javaStudy/hs-hdp/hs-hdp-server/hs-hdp-server-near-yunservice/lib/cache-api-1.0.0.jar:/Users/denglt/onGithub/javaStudy/hs-hdp/hs-hdp-server/hs-hdp-server-near-yunservice/lib/hs-hdp-api-1.0.0-SNAPSHOT.jar:/Users/denglt/onGithub/javaStudy/hs-hdp/hs-hdp-server/hs-hdp-server-near-yunservice/lib/jetty-http-9.2.14.v20151106.jar:/Users/denglt/onGithub/javaStudy/hs-hdp/hs-hdp-server/hs-hdp-server-near-yunservice/lib/javassist-3.15.0-GA.jar:/Users/denglt/onGithub/javaStudy/hs-hdp/hs-hdp-server/hs-hdp-server-near-yunservice/lib/snakeyaml-1.15.jar:/Users/denglt/onGithub/javaStudy/hs-hdp/hs-hdp-server/hs-hdp-server-near-yunservice/lib/jetty-xml-9.2.14.v20151106.jar:/Users/denglt/onGithub/javaStudy/hs-hdp/hs-hdp-server/hs-hdp-server-near-yunservice/lib/spring-beans-4.3.15.RELEASE.jar:/Users/denglt/onGithub/javaStudy/hs-hdp/hs-hdp-server/hs-hdp-server-near-yunservice/lib/apache-jsp-8.0.9.M3.jar:/Users/denglt/onGithub/javaStudy/hs-hdp/hs-hdp-server/hs-hdp-server-near-yunservice/lib/reactive-streams-1.0.2.jar:/Users/denglt/onGithub/javaStudy/hs-hdp/hs-hdp-server/hs-hdp-server-near-yunservice/lib/fastjson-1.2.17.jar:/Users/denglt/onGithub/javaStudy/hs-hdp/hs-hdp-server/hs-hdp-server-near-yunservice/lib/netty-3.7.0.Final.jar:/Users/denglt/onGithub/javaStudy/hs-hdp/hs-hdp-server/hs-hdp-server-near-yunservice/lib/reactor-core-3.1.7.RELEASE.jar:/Users/denglt/onGithub/javaStudy/hs-hdp/hs-hdp-server/hs-hdp-server-near-yunservice/lib/taglibs-standard-impl-1.2.1.jar:/Users/denglt/onGithub/javaStudy/hs-hdp/hs-hdp-server/hs-hdp-server-near-yunservice/lib/jetty-security-9.2.14.v20151106.jar:/Users/denglt/onGithub/javaStudy/hs-hdp/hs-hdp-server/hs-hdp-server-near-yunservice/lib/spring-web-4.3.15.RELEASE.jar:/Users/denglt/onGithub/javaStudy/hs-hdp/hs-hdp-server/hs-hdp-server-near-yunservice/lib/zookeeper-3.4.6.jar:/Users/denglt/onGithub/javaStudy/hs-hdp/hs-hdp-server/hs-hdp-server-near-yunservice/lib/asm-5.0.1.jar:/Users/denglt/onGithub/javaStudy/hs-hdp/hs-hdp-server/hs-hdp-server-near-yunservice/lib/mysql-connector-java-5.1.6.jar:/Users/denglt/onGithub/javaStudy/hs-hdp/hs-hdp-server/hs-hdp-server-near-yunservice/lib/commons-collections-3.2.1.jar:/Users/denglt/onGithub/javaStudy/hs-hdp/hs-hdp-server/hs-hdp-server-near-yunservice/lib/c3p0-0.9.1.1.jar:/Users/denglt/onGithub/javaStudy/hs-hdp/hs-hdp-server/hs-hdp-server-near-yunservice/lib/spring-data-redis-1.6.0.RELEASE.jar:/Users/denglt/onGithub/javaStudy/hs-hdp/hs-hdp-server/hs-hdp-server-near-yunservice/lib/spring-context-support-4.3.15.RELEASE.jar:/Users/denglt/onGithub/javaStudy/hs-hdp/hs-hdp-server/hs-hdp-server-near-yunservice/lib/taglibs-standard-spec-1.2.1.jar:/Users/denglt/onGithub/javaStudy/hs-hdp/hs-hdp-server/hs-hdp-server-near-yunservice/lib/jetty-plus-9.2.14.v20151106.jar:/Users/denglt/onGithub/javaStudy/hs-hdp/hs-hdp-server/hs-hdp-server-near-yunservice/lib/jetty-servlet-9.2.14.v20151106.jar:/Users/denglt/onGithub/javaStudy/hs-hdp/hs-hdp-server/hs-hdp-server-near-yunservice/lib/bonecp-0.8.0.RELEASE.jar:/Users/denglt/onGithub/javaStudy/hs-hdp/hs-hdp-server/hs-hdp-server-near-yunservice/lib/jetty-jndi-9.2.14.v20151106.jar:/Users/denglt/onGithub/javaStudy/hs-hdp/hs-hdp-server/hs-hdp-server-near-yunservice/lib/dubbo-2.5.3.jar:/Users/denglt/onGithub/javaStudy/hs-hdp/hs-hdp-server/hs-hdp-server-near-yunservice/lib/asm-tree-5.0.1.jar:/Users/denglt/onGithub/javaStudy/hs-hdp/hs-hdp-server/hs-hdp-server-near-yunservice/lib/byte-buddy-1.8.11.jar:/Users/denglt/onGithub/javaStudy/hs-hdp/hs-hdp-server/hs-hdp-server-near-yunservice/lib/commons-beanutils-1.9.2.jar:/Users/denglt/onGithub/javaStudy/hs-hdp/hs-hdp-server/hs-hdp-server-near-yunservice/lib/jackson-dataformat-yaml-2.7.9.jar:/Users/denglt/onGithub/javaStudy/hs-hdp/hs-hdp-server/hs-hdp-server-near-yunservice/lib/org.eclipse.jdt.core-3.8.2.v20130121.jar:/Users/denglt/onGithub/javaStudy/hs-hdp/hs-hdp-server/hs-hdp-server-near-yunservice/lib/jackson-core-2.9.6.jar:/Users/denglt/onGithub/javaStudy/hs-hdp/hs-hdp-server/hs-hdp-server-near-yunservice/lib/jackson-databind-2.9.6.jar:/Users/denglt/onGithub/javaStudy/hs-hdp/hs-hdp-server/hs-hdp-server-near-yunservice/lib/netty-all-4.1.25.Final.jar:/Users/denglt/onGithub/javaStudy/hs-hdp/hs-hdp-server/hs-hdp-server-near-yunservice/lib/spring-webmvc-4.3.15.RELEASE.jar:/Users/denglt/onGithub/javaStudy/hs-hdp/hs-hdp-server/hs-hdp-server-near-yunservice/lib/redisson-3.7.2.jar
java.vm.vendor = Oracle Corporation
sun.arch.data.model = 64
java.vendor.url = http://java.oracle.com/
user.timezone = Asia/Shanghai
os.name = Mac OS X
java.vm.specification.version = 1.8
user.country = CN
sun.java.launcher = SUN_STANDARD
sun.boot.library.path = /Library/Java/JavaVirtualMachines/jdk1.8.0_172.jdk/Contents/Home/jre/lib
sun.java.command = com.yuntai.hdp.server.StartHdpServer
sun.cpu.endian = little
user.home = /Users/denglt
user.language = zh
java.specification.vendor = Oracle Corporation
java.home = /Library/Java/JavaVirtualMachines/jdk1.8.0_172.jdk/Contents/Home/jre
file.separator = /
line.separator = 

java.vm.specification.vendor = Oracle Corporation
java.specification.name = Java Platform API Specification
java.awt.graphicsenv = sun.awt.CGraphicsEnvironment
sun.boot.class.path = /Library/Java/JavaVirtualMachines/jdk1.8.0_172.jdk/Contents/Home/jre/lib/resources.jar:/Library/Java/JavaVirtualMachines/jdk1.8.0_172.jdk/Contents/Home/jre/lib/rt.jar:/Library/Java/JavaVirtualMachines/jdk1.8.0_172.jdk/Contents/Home/jre/lib/sunrsasign.jar:/Library/Java/JavaVirtualMachines/jdk1.8.0_172.jdk/Contents/Home/jre/lib/jsse.jar:/Library/Java/JavaVirtualMachines/jdk1.8.0_172.jdk/Contents/Home/jre/lib/jce.jar:/Library/Java/JavaVirtualMachines/jdk1.8.0_172.jdk/Contents/Home/jre/lib/charsets.jar:/Library/Java/JavaVirtualMachines/jdk1.8.0_172.jdk/Contents/Home/jre/lib/jfr.jar:/Library/Java/JavaVirtualMachines/jdk1.8.0_172.jdk/Contents/Home/jre/classes
sun.management.compiler = HotSpot 64-Bit Tiered Compilers
java.runtime.version = 1.8.0_172-b11
user.name = denglt
path.separator = :
os.version = 10.13.4
java.endorsed.dirs = /Library/Java/JavaVirtualMachines/jdk1.8.0_172.jdk/Contents/Home/jre/lib/endorsed
java.runtime.name = Java(TM) SE Runtime Environment
btrace.port = 2021
file.encoding = UTF-8
javax.net.debug = ssl,handshake
sun.nio.ch.bugLevel = 
java.vm.name = Java HotSpot(TM) 64-Bit Server VM
java.vendor.url.bug = http://bugreport.sun.com/bugreport/
java.io.tmpdir = /var/folders/0c/2t9mzg0x3kl3fy8m4w3s20wr0000gn/T/
java.version = 1.8.0_172
user.dir = /Users/denglt/onGithub/javaStudy/hs-hdp/hs-hdp-server/hs-hdp-server-near-yunservice
os.arch = x86_64
java.vm.specification.name = Java Virtual Machine Specification
java.awt.printerjob = sun.lwawt.macosx.CPrinterJob
sun.os.patch.level = unknown
java.library.path = /Users/denglt/Library/Java/Extensions:/Library/Java/Extensions:/Network/Library/Java/Extensions:/System/Library/Java/Extensions:/usr/lib/java:.
java.vm.info = mixed mode
java.vendor = Oracle Corporation
java.vm.version = 25.172-b11
java.ext.dirs = /Users/denglt/Library/Java/Extensions:/Library/Java/JavaVirtualMachines/jdk1.8.0_172.jdk/Contents/Home/jre/lib/ext:/Library/Java/Extensions:/Network/Library/Java/Extensions:/System/Library/Java/Extensions:/usr/lib/java
sun.io.unicode.encoding = UnicodeBig
java.class.version = 52.0
VM Flags:
[-Xms512m, -Xmx1024m, -Xss256k, -Djavax.net.debug=ssl,handshake, -Xloggc:hdpServer_gc.log, -verbose:gc, -XX:+PrintGCDetails, -XX:+PrintGCTimeStamps, -XX:+UseConcMarkSweepGC, -XX:+UseParNewGC, -XX:+HeapDumpOnOutOfMemoryError, -XX:HeapDumpPath=hdpserver_oom.hprof]
OS Enviroment:
PATH = /Users/denglt/.jenv/shims:/usr/local/bin:/usr/bin:/bin:/usr/sbin:/sbin:/Users/denglt/mysh:/Users/denglt/Applications/btrace-bin-1.3.11/bin
JENV_FORCEJDKHOME = true
JAVA_HOME = /Users/denglt/.jenv/versions/1.8.0.172
TERM = xterm-256color
LANG = zh_CN.UTF-8
ITERM_SESSION_ID = w0t3p0:17D3E947-8BF7-4D83-9186-507724251BF7
COLORTERM = truecolor
LOGNAME = denglt
JDK_HOME = /Users/denglt/.jenv/versions/1.8.0.172
XPC_SERVICE_NAME = 0
PWD = /Users/denglt/onGithub/javaStudy/hs-hdp/hs-hdp-server/hs-hdp-server-near-yunservice
TERM_PROGRAM_VERSION = 3.1.7
_ = /Users/denglt/.jenv/versions/1.8.0.172/bin/java
SHELL = /bin/bash
JAVA_MAIN_CLASS_66706 = com.yuntai.hdp.server.StartHdpServer
TERM_PROGRAM = iTerm.app
SECURITYSESSIONID = 186a8
OLDPWD = /Users/denglt/onGithub/javaStudy/hs-hdp/hs-hdp-server/hs-hdp-server-near-yunservice/bin
USER = denglt
JENV_FORCEJAVAHOME = true
ITERM_PROFILE = Default
TMPDIR = /var/folders/0c/2t9mzg0x3kl3fy8m4w3s20wr0000gn/T/
SSH_AUTH_SOCK = /private/tmp/com.apple.launchd.7RWS7mf60W/Listeners
XPC_FLAGS = 0x0
TERM_SESSION_ID = w0t3p0:17D3E947-8BF7-4D83-9186-507724251BF7
__CF_USER_TEXT_ENCODING = 0x1F5:0x19:0x34
Apple_PubSub_Socket_Render = /private/tmp/com.apple.launchd.BEzvbrDRzo/Render
COLORFGBG = 7;0
SHLVL = 2
HOME = /Users/denglt
JENV_LOADED = 1
